<?xml version="1.0" encoding="UTF-8"?>
<!-- Generated by org.testng.reporters.JUnitXMLReporter -->
<testsuite hostname="Mirjam-PC" name="Surefire test" tests="1" failures="0" timestamp="12 Jun 2015 10:02:56 GMT" time="0.167" errors="0">
  <testcase name="newUsersShouldBelongToUserGroupAndSavedOnce on newUsersShouldBelongToUserGroupAndSavedOnce(it.polimi.guessbid.control.UserControllerTest)" time="0.117" classname="it.polimi.guessbid.control.UserControllerTest"/>
</testsuite> <!-- Surefire test -->
