<?xml version="1.0" encoding="UTF-8"?>
<!-- Generated by org.testng.reporters.JUnitXMLReporter -->
<testsuite hostname="Mirjam-PC" name="Surefire test" tests="1" failures="0" timestamp="9 Jun 2015 20:24:07 GMT" time="0.177" errors="0">
  <testcase name="newUsersShouldBelongToUserGroupAndSavedOnce on newUsersShouldBelongToUserGroupAndSavedOnce(it.polimi.guessbid.control.UserControllerTest)" time="0.122" classname="it.polimi.guessbid.control.UserControllerTest"/>
</testsuite> <!-- Surefire test -->
